<?xml version="1.0" encoding="UTF-8"?>
<!-- Generated by org.testng.reporters.JUnitXMLReporter -->
<testsuite hostname="monster" failures="0" tests="19" name="Surefire test" time="0.02" errors="0" timestamp="20 Jul 2021 01:26:25 GMT">
  <testcase classname="com.attornatus.es.FoneticaPortuguesaTests" name="testAMbeforeVocal" time="0.007"/>
  <testcase classname="com.attornatus.es.FoneticaPortuguesaTests" name="testAOeAMemAN" time="0.0"/>
  <testcase classname="com.attornatus.es.FoneticaPortuguesaTests" name="testCeCCemK" time="0.0"/>
  <testcase classname="com.attornatus.es.FoneticaPortuguesaTests" name="testCemSifCBeforeEI" time="0.0"/>
  <testcase classname="com.attornatus.es.FoneticaPortuguesaTests" name="testConsonantClusterOfHLetter" time="0.0"/>
  <testcase classname="com.attornatus.es.FoneticaPortuguesaTests" name="testEAemEIA" time="0.0"/>
  <testcase classname="com.attornatus.es.FoneticaPortuguesaTests" name="testGSound" time="0.001"/>
  <testcase classname="com.attornatus.es.FoneticaPortuguesaTests" name="testGbeforeEandI" time="0.0"/>
  <testcase classname="com.attornatus.es.FoneticaPortuguesaTests" name="testHMute" time="0.0"/>
  <testcase classname="com.attornatus.es.FoneticaPortuguesaTests" name="testLAsConsonant" time="0.0"/>
  <testcase classname="com.attornatus.es.FoneticaPortuguesaTests" name="testLWithSoundOfU" time="0.0"/>
  <testcase classname="com.attornatus.es.FoneticaPortuguesaTests" name="testOEeOISemOIN" time="0.0"/>
  <testcase classname="com.attornatus.es.FoneticaPortuguesaTests" name="testQUBeforeAandO" time="0.0"/>
  <testcase classname="com.attornatus.es.FoneticaPortuguesaTests" name="testQUBeforeEandI" time="0.0"/>
  <testcase classname="com.attornatus.es.FoneticaPortuguesaTests" name="testQUBeforeU" time="0.0"/>
  <testcase classname="com.attornatus.es.FoneticaPortuguesaTests" name="testRRemR" time="0.0"/>
  <testcase classname="com.attornatus.es.FoneticaPortuguesaTests" name="testSSeCemS" time="0.0"/>
  <testcase classname="com.attornatus.es.FoneticaPortuguesaTests" name="testSWithSoundOFZ" time="0.0"/>
  <testcase classname="com.attornatus.es.FoneticaPortuguesaTests" name="testTTemT" time="0.001"/>
</testsuite>
