<?xml version="1.0" encoding="UTF-8"?>
<testng-results total="19" passed="19" failed="0" skipped="0">
  <reporter-output>
  </reporter-output>
  <suite started-at="2021-07-19T22:26:25Z" name="Surefire suite" finished-at="2021-07-19T22:26:25Z" duration-ms="20">
    <groups>
    </groups>
    <test started-at="2021-07-19T22:26:25Z" name="Surefire test" finished-at="2021-07-19T22:26:25Z" duration-ms="20">
      <class name="com.attornatus.es.FoneticaPortuguesaTests">
        <test-method signature="testAMbeforeVocal()[pri:0, instance:com.attornatus.es.FoneticaPortuguesaTests@32eff876]" started-at="2021-07-19T22:26:25Z" name="testAMbeforeVocal" finished-at="2021-07-19T22:26:25Z" duration-ms="7" status="PASS">
        </test-method>
        <test-method signature="testAOeAMemAN()[pri:0, instance:com.attornatus.es.FoneticaPortuguesaTests@32eff876]" started-at="2021-07-19T22:26:25Z" name="testAOeAMemAN" finished-at="2021-07-19T22:26:25Z" duration-ms="0" status="PASS">
        </test-method>
        <test-method signature="testCeCCemK()[pri:0, instance:com.attornatus.es.FoneticaPortuguesaTests@32eff876]" started-at="2021-07-19T22:26:25Z" name="testCeCCemK" finished-at="2021-07-19T22:26:25Z" duration-ms="0" status="PASS">
        </test-method>
        <test-method signature="testCemSifCBeforeEI()[pri:0, instance:com.attornatus.es.FoneticaPortuguesaTests@32eff876]" started-at="2021-07-19T22:26:25Z" name="testCemSifCBeforeEI" finished-at="2021-07-19T22:26:25Z" duration-ms="0" status="PASS">
        </test-method>
        <test-method signature="testEAemEIA()[pri:0, instance:com.attornatus.es.FoneticaPortuguesaTests@32eff876]" started-at="2021-07-19T22:26:25Z" name="testEAemEIA" finished-at="2021-07-19T22:26:25Z" duration-ms="0" status="PASS">
        </test-method>
        <test-method signature="testGSound()[pri:0, instance:com.attornatus.es.FoneticaPortuguesaTests@32eff876]" started-at="2021-07-19T22:26:25Z" name="testGSound" finished-at="2021-07-19T22:26:25Z" duration-ms="1" status="PASS">
        </test-method>
        <test-method signature="testConsonantClusterOfHLetter()[pri:0, instance:com.attornatus.es.FoneticaPortuguesaTests@32eff876]" started-at="2021-07-19T22:26:25Z" name="testConsonantClusterOfHLetter" finished-at="2021-07-19T22:26:25Z" duration-ms="0" status="PASS">
        </test-method>
        <test-method signature="testGbeforeEandI()[pri:0, instance:com.attornatus.es.FoneticaPortuguesaTests@32eff876]" started-at="2021-07-19T22:26:25Z" name="testGbeforeEandI" finished-at="2021-07-19T22:26:25Z" duration-ms="0" status="PASS">
        </test-method>
        <test-method signature="testLWithSoundOfU()[pri:0, instance:com.attornatus.es.FoneticaPortuguesaTests@32eff876]" started-at="2021-07-19T22:26:25Z" name="testLWithSoundOfU" finished-at="2021-07-19T22:26:25Z" duration-ms="0" status="PASS">
        </test-method>
        <test-method signature="testLAsConsonant()[pri:0, instance:com.attornatus.es.FoneticaPortuguesaTests@32eff876]" started-at="2021-07-19T22:26:25Z" name="testLAsConsonant" finished-at="2021-07-19T22:26:25Z" duration-ms="0" status="PASS">
        </test-method>
        <test-method signature="testHMute()[pri:0, instance:com.attornatus.es.FoneticaPortuguesaTests@32eff876]" started-at="2021-07-19T22:26:25Z" name="testHMute" finished-at="2021-07-19T22:26:25Z" duration-ms="0" status="PASS">
        </test-method>
        <test-method signature="testQUBeforeAandO()[pri:0, instance:com.attornatus.es.FoneticaPortuguesaTests@32eff876]" started-at="2021-07-19T22:26:25Z" name="testQUBeforeAandO" finished-at="2021-07-19T22:26:25Z" duration-ms="0" status="PASS">
        </test-method>
        <test-method signature="testOEeOISemOIN()[pri:0, instance:com.attornatus.es.FoneticaPortuguesaTests@32eff876]" started-at="2021-07-19T22:26:25Z" name="testOEeOISemOIN" finished-at="2021-07-19T22:26:25Z" duration-ms="0" status="PASS">
        </test-method>
        <test-method signature="testQUBeforeEandI()[pri:0, instance:com.attornatus.es.FoneticaPortuguesaTests@32eff876]" started-at="2021-07-19T22:26:25Z" name="testQUBeforeEandI" finished-at="2021-07-19T22:26:25Z" duration-ms="0" status="PASS">
        </test-method>
        <test-method signature="testQUBeforeU()[pri:0, instance:com.attornatus.es.FoneticaPortuguesaTests@32eff876]" started-at="2021-07-19T22:26:25Z" name="testQUBeforeU" finished-at="2021-07-19T22:26:25Z" duration-ms="0" status="PASS">
        </test-method>
        <test-method signature="testTTemT()[pri:0, instance:com.attornatus.es.FoneticaPortuguesaTests@32eff876]" started-at="2021-07-19T22:26:25Z" name="testTTemT" finished-at="2021-07-19T22:26:25Z" duration-ms="1" status="PASS">
        </test-method>
        <test-method signature="testRRemR()[pri:0, instance:com.attornatus.es.FoneticaPortuguesaTests@32eff876]" started-at="2021-07-19T22:26:25Z" name="testRRemR" finished-at="2021-07-19T22:26:25Z" duration-ms="0" status="PASS">
        </test-method>
        <test-method signature="testSSeCemS()[pri:0, instance:com.attornatus.es.FoneticaPortuguesaTests@32eff876]" started-at="2021-07-19T22:26:25Z" name="testSSeCemS" finished-at="2021-07-19T22:26:25Z" duration-ms="0" status="PASS">
        </test-method>
        <test-method signature="testSWithSoundOFZ()[pri:0, instance:com.attornatus.es.FoneticaPortuguesaTests@32eff876]" started-at="2021-07-19T22:26:25Z" name="testSWithSoundOFZ" finished-at="2021-07-19T22:26:25Z" duration-ms="0" status="PASS">
        </test-method>
      </class>
    </test>
  </suite>
</testng-results>
