<?xml version="1.0" encoding="UTF-8"?>
<testsuite xmlns:xsi="http://www.w3.org/2001/XMLSchema-instance" xsi:noNamespaceSchemaLocation="https://maven.apache.org/surefire/maven-surefire-plugin/xsd/surefire-test-report.xsd" name="com.attornatus.es.FoneticaPortuguesaTests" time="0.693" tests="19" errors="0" skipped="0" failures="0">
  <properties>
[...]
</properties>
  <testcase name="testAMbeforeVocal" classname="com.attornatus.es.FoneticaPortuguesaTests" time="0.006"/>
  <testcase name="testAOeAMemAN" classname="com.attornatus.es.FoneticaPortuguesaTests" time="0"/>
  <testcase name="testCeCCemK" classname="com.attornatus.es.FoneticaPortuguesaTests" time="0"/>
  <testcase name="testCemSifCBeforeEI" classname="com.attornatus.es.FoneticaPortuguesaTests" time="0"/>
  <testcase name="testConsonantClusterOfHLetter" classname="com.attornatus.es.FoneticaPortuguesaTests" time="0"/>
  <testcase name="testEAemEIA" classname="com.attornatus.es.FoneticaPortuguesaTests" time="0"/>
  <testcase name="testGSound" classname="com.attornatus.es.FoneticaPortuguesaTests" time="0"/>
  <testcase name="testGbeforeEandI" classname="com.attornatus.es.FoneticaPortuguesaTests" time="0"/>
  <testcase name="testHMute" classname="com.attornatus.es.FoneticaPortuguesaTests" time="0"/>
  <testcase name="testLAsConsonant" classname="com.attornatus.es.FoneticaPortuguesaTests" time="0"/>
  <testcase name="testLWithSoundOfU" classname="com.attornatus.es.FoneticaPortuguesaTests" time="0.001"/>
  <testcase name="testOEeOISemOIN" classname="com.attornatus.es.FoneticaPortuguesaTests" time="0"/>
  <testcase name="testQUBeforeAandO" classname="com.attornatus.es.FoneticaPortuguesaTests" time="0"/>
  <testcase name="testQUBeforeEandI" classname="com.attornatus.es.FoneticaPortuguesaTests" time="0"/>
  <testcase name="testQUBeforeU" classname="com.attornatus.es.FoneticaPortuguesaTests" time="0.001"/>
  <testcase name="testRRemR" classname="com.attornatus.es.FoneticaPortuguesaTests" time="0"/>
  <testcase name="testSSeCemS" classname="com.attornatus.es.FoneticaPortuguesaTests" time="0"/>
  <testcase name="testSWithSoundOFZ" classname="com.attornatus.es.FoneticaPortuguesaTests" time="0"/>
  <testcase name="testTTemT" classname="com.attornatus.es.FoneticaPortuguesaTests" time="0"/>
</testsuite>